
Status: FAILED!
Check: 1
Test: 
Reason: 
Error : RuntimeError - There was an issue compiling the c++ files.
Timestamp: 2024-03-19 17:28:06.445641

Status: FAILED!
Check: 2
Test: 
Reason: 
Error : RuntimeError - There was an issue compiling the c++ files.
Timestamp: 2024-03-19 17:28:06.445790

Status: FAILED!
Check: 3
Test: 
Reason: 
Error : RuntimeError - There was an issue compiling the c++ files.
Timestamp: 2024-03-19 17:28:06.445879

Status: FAILED!
Check: 4
Test: 
Reason: 
Error : RuntimeError - There was an issue compiling the c++ files.
Timestamp: 2024-03-19 17:28:06.445955

Status: FAILED!
Check: 5
Test: 
Reason: 
Error : RuntimeError - There was an issue compiling the c++ files.
Timestamp: 2024-03-19 17:28:06.446031

Status: FAILED!
Check: 6
Test: 
Reason: 
Error : RuntimeError - There was an issue compiling the c++ files.
Timestamp: 2024-03-19 17:28:06.446129

Status: FAILED!
Check: 7
Test: 
Reason: 
Error : RuntimeError - There was an issue compiling the c++ files.
Timestamp: 2024-03-19 17:28:06.446209

Status: FAILED!
Check: 8
Test: 
Reason: 
Error : RuntimeError - There was an issue compiling the c++ files.
Timestamp: 2024-03-19 17:28:06.446287

Status: FAILED!
Check: 9
Test: 
Reason: 
Error : RuntimeError - There was an issue compiling the c++ files.
Timestamp: 2024-03-19 17:28:06.446361
